[0m13:50:46.326813 [debug] [MainThread]: Sending event: {'category': 'dbt', 'action': 'invocation', 'label': 'start', 'context': [<snowplow_tracker.self_describing_json.SelfDescribingJson object at 0x000001F2470185B0>, <snowplow_tracker.self_describing_json.SelfDescribingJson object at 0x000001F24A232E80>, <snowplow_tracker.self_describing_json.SelfDescribingJson object at 0x000001F2478C2B80>]}


============================== 13:50:46.335402 | d3a00a8f-9ea6-4a80-a22c-a22b8947d3a5 ==============================
[0m13:50:46.335402 [info ] [MainThread]: Running with dbt=1.7.0
[0m13:50:46.337023 [debug] [MainThread]: running dbt with arguments {'printer_width': '80', 'indirect_selection': 'eager', 'write_json': 'True', 'log_cache_events': 'False', 'partial_parse': 'True', 'cache_selected_only': 'False', 'profiles_dir': 'C:\\Users\\jessicas\\.dbt', 'version_check': 'True', 'fail_fast': 'False', 'log_path': 'logs', 'debug': 'False', 'warn_error': 'None', 'use_colors': 'True', 'use_experimental_parser': 'False', 'no_print': 'None', 'quiet': 'False', 'log_format': 'default', 'introspect': 'True', 'invocation_command': 'dbt init', 'warn_error_options': 'WarnErrorOptions(include=[], exclude=[])', 'target_path': 'None', 'static_parser': 'True', 'send_anonymous_usage_stats': 'True'}
[0m13:51:13.248778 [debug] [MainThread]: Starter project path: C:\Users\jessicas\Documents\2024-04-bootcamp\.venv\lib\site-packages\dbt\include\starter_project
[0m13:51:13.301475 [info ] [MainThread]: 
Your new dbt project "warehouse" was created!

For more information on how to configure the profiles.yml file,
please consult the dbt documentation here:

  https://docs.getdbt.com/docs/configure-your-profile

One more thing:

Need help? Don't hesitate to reach out to us via GitHub issues or on Slack:

  https://community.getdbt.com/

Happy modeling!

[0m13:51:13.305770 [info ] [MainThread]: Setting up your profile.
[0m13:56:33.456892 [info ] [MainThread]: Profile warehouse written to C:\Users\jessicas\.dbt\profiles.yml using target's profile_template.yml and your supplied values. Run 'dbt debug' to validate the connection.
[0m13:56:33.459648 [debug] [MainThread]: Command `dbt init` succeeded at 13:56:33.459648 after 347.92 seconds
[0m13:56:33.460686 [debug] [MainThread]: Sending event: {'category': 'dbt', 'action': 'invocation', 'label': 'end', 'context': [<snowplow_tracker.self_describing_json.SelfDescribingJson object at 0x000001F2470185B0>, <snowplow_tracker.self_describing_json.SelfDescribingJson object at 0x000001F24A232160>, <snowplow_tracker.self_describing_json.SelfDescribingJson object at 0x000001F24A22A2E0>]}
[0m13:56:33.461718 [debug] [MainThread]: Flushing usage events
[0m13:57:25.254419 [debug] [MainThread]: Sending event: {'category': 'dbt', 'action': 'invocation', 'label': 'start', 'context': [<snowplow_tracker.self_describing_json.SelfDescribingJson object at 0x0000019715518580>, <snowplow_tracker.self_describing_json.SelfDescribingJson object at 0x0000019718738E50>, <snowplow_tracker.self_describing_json.SelfDescribingJson object at 0x0000019712376970>]}


============================== 13:57:25.262419 | fcd6bd40-e422-4cf7-9f12-93fe8b010094 ==============================
[0m13:57:25.262419 [info ] [MainThread]: Running with dbt=1.7.0
[0m13:57:25.264418 [debug] [MainThread]: running dbt with arguments {'printer_width': '80', 'indirect_selection': 'eager', 'write_json': 'True', 'log_cache_events': 'False', 'partial_parse': 'True', 'cache_selected_only': 'False', 'warn_error': 'None', 'debug': 'False', 'profiles_dir': 'C:\\Users\\jessicas\\.dbt', 'log_path': 'logs', 'version_check': 'True', 'fail_fast': 'False', 'use_colors': 'True', 'use_experimental_parser': 'False', 'no_print': 'None', 'quiet': 'False', 'log_format': 'default', 'static_parser': 'True', 'introspect': 'True', 'invocation_command': 'dbt debug', 'target_path': 'None', 'warn_error_options': 'WarnErrorOptions(include=[], exclude=[])', 'send_anonymous_usage_stats': 'True'}
[0m13:57:25.264880 [info ] [MainThread]: dbt version: 1.7.0
[0m13:57:25.266898 [info ] [MainThread]: python version: 3.9.13
[0m13:57:25.267880 [info ] [MainThread]: python path: C:\Users\jessicas\Documents\2024-04-bootcamp\.venv\Scripts\python.exe
[0m13:57:25.268921 [info ] [MainThread]: os info: Windows-10-10.0.19045-SP0
[0m13:57:26.635954 [info ] [MainThread]: Using profiles dir at C:\Users\jessicas\.dbt
[0m13:57:26.637918 [info ] [MainThread]: Using profiles.yml file at C:\Users\jessicas\.dbt\profiles.yml
[0m13:57:26.638918 [info ] [MainThread]: Using dbt_project.yml file at C:\Users\jessicas\Documents\2024-04-bootcamp\06-snowflake-dbt\3\01-evr-dbt-setup\unsolved\dbt_project.yml
[0m13:57:26.639919 [error] [MainThread]: Encountered an error:
Internal Error
  Profile should not be None if loading profile completed
[0m13:57:26.642917 [debug] [MainThread]: Command `dbt debug` failed at 13:57:26.642917 after 1.48 seconds
[0m13:57:26.643951 [debug] [MainThread]: Sending event: {'category': 'dbt', 'action': 'invocation', 'label': 'end', 'context': [<snowplow_tracker.self_describing_json.SelfDescribingJson object at 0x0000019715518580>, <snowplow_tracker.self_describing_json.SelfDescribingJson object at 0x00000197160D2040>, <snowplow_tracker.self_describing_json.SelfDescribingJson object at 0x0000019730DFD760>]}
[0m13:57:26.644951 [debug] [MainThread]: Flushing usage events
